+ [ -n  ]
+ echo_and_run cd /home/spacecat/AutonomousFlight/AutonomousFlight/mavros_ws/src/ros-kinetic-mavlink-2016.7.7/pymavlink
+ echo + cd /home/spacecat/AutonomousFlight/AutonomousFlight/mavros_ws/src/ros-kinetic-mavlink-2016.7.7/pymavlink
+ cd /home/spacecat/AutonomousFlight/AutonomousFlight/mavros_ws/src/ros-kinetic-mavlink-2016.7.7/pymavlink
+ echo_and_run mkdir -p /home/spacecat/AutonomousFlight/AutonomousFlight/mavros_ws/devel/lib/python2.7/dist-packages
+ echo + mkdir -p /home/spacecat/AutonomousFlight/AutonomousFlight/mavros_ws/devel/lib/python2.7/dist-packages
+ mkdir -p /home/spacecat/AutonomousFlight/AutonomousFlight/mavros_ws/devel/lib/python2.7/dist-packages
+ echo_and_run /usr/bin/env PYTHONPATH=/home/spacecat/AutonomousFlight/AutonomousFlight/mavros_ws/devel/lib/python2.7/dist-packages:/home/spacecat/AutonomousFlight/AutonomousFlight/mavros_ws/build/mavlink/lib/python2.7/dist-packages:/opt/ros/kinetic/lib/python2.7/dist-packages:/home/spacecat/mavros_ws/devel/lib/python2.7/dist_packages:/home/spacecat/AutonomousFlight/AutonomousFlight/mavros_ws/src/ros-kinetic-mavlink-2016.7.7:/home/spacecat/AutonomousFlight/AutonomousFlight/mavros_ws/src/ros-kinetic-mavlink-2016.7.7/:/home/spacecat/AutonomousFlight/AutonomousFlight/mavros_ws/src/ros-kinetic-mavlink-2016.7.7/ /usr/bin/python /home/spacecat/AutonomousFlight/AutonomousFlight/mavros_ws/src/ros-kinetic-mavlink-2016.7.7/pymavlink/setup.py build --build-base /home/spacecat/AutonomousFlight/AutonomousFlight/mavros_ws/build/mavlink/pymavlink install --install-layout=deb --prefix=/home/spacecat/AutonomousFlight/AutonomousFlight/mavros_ws/devel
+ echo + /usr/bin/env PYTHONPATH=/home/spacecat/AutonomousFlight/AutonomousFlight/mavros_ws/devel/lib/python2.7/dist-packages:/home/spacecat/AutonomousFlight/AutonomousFlight/mavros_ws/build/mavlink/lib/python2.7/dist-packages:/opt/ros/kinetic/lib/python2.7/dist-packages:/home/spacecat/mavros_ws/devel/lib/python2.7/dist_packages:/home/spacecat/AutonomousFlight/AutonomousFlight/mavros_ws/src/ros-kinetic-mavlink-2016.7.7:/home/spacecat/AutonomousFlight/AutonomousFlight/mavros_ws/src/ros-kinetic-mavlink-2016.7.7/:/home/spacecat/AutonomousFlight/AutonomousFlight/mavros_ws/src/ros-kinetic-mavlink-2016.7.7/ /usr/bin/python /home/spacecat/AutonomousFlight/AutonomousFlight/mavros_ws/src/ros-kinetic-mavlink-2016.7.7/pymavlink/setup.py build --build-base /home/spacecat/AutonomousFlight/AutonomousFlight/mavros_ws/build/mavlink/pymavlink install --install-layout=deb --prefix=/home/spacecat/AutonomousFlight/AutonomousFlight/mavros_ws/devel
+ /usr/bin/env PYTHONPATH=/home/spacecat/AutonomousFlight/AutonomousFlight/mavros_ws/devel/lib/python2.7/dist-packages:/home/spacecat/AutonomousFlight/AutonomousFlight/mavros_ws/build/mavlink/lib/python2.7/dist-packages:/opt/ros/kinetic/lib/python2.7/dist-packages:/home/spacecat/mavros_ws/devel/lib/python2.7/dist_packages:/home/spacecat/AutonomousFlight/AutonomousFlight/mavros_ws/src/ros-kinetic-mavlink-2016.7.7:/home/spacecat/AutonomousFlight/AutonomousFlight/mavros_ws/src/ros-kinetic-mavlink-2016.7.7/:/home/spacecat/AutonomousFlight/AutonomousFlight/mavros_ws/src/ros-kinetic-mavlink-2016.7.7/ /usr/bin/python /home/spacecat/AutonomousFlight/AutonomousFlight/mavros_ws/src/ros-kinetic-mavlink-2016.7.7/pymavlink/setup.py build --build-base /home/spacecat/AutonomousFlight/AutonomousFlight/mavros_ws/build/mavlink/pymavlink install --install-layout=deb --prefix=/home/spacecat/AutonomousFlight/AutonomousFlight/mavros_ws/devel
mavnative/mavnative.c: In function ‘py_mavlink_parse_char’:
mavnative/mavnative.c:155:5: warning: enumeration value ‘MAVLINK_PARSE_STATE_GOT_BAD_CRC1’ not handled in switch [-Wswitch]
     switch (status->parse_state)
     ^
zip_safe flag not set; analyzing archive contents...
pymavlink.generator.mavgen_cpp11: module references __file__
pymavlink.generator.mavgen_java: module references __file__
pymavlink.generator.mavgen: module references __file__
pymavlink.generator.mavgen_c: module references __file__
pymavlink.generator.mavgen_swift: module references __file__
pymavlink.generator.lib.genxmlif.__init__: module references __file__
pymavlink.generator.lib.minixsv.__init__: module references __file__
