Determining if the pthread_create exist failed with the following output:
Change Dir: /home/odroid/ROS/build/CMakeFiles/CMakeTmp

Run Build Command:/usr/bin/make "cmTryCompileExec3788985193/fast"
/usr/bin/make -f CMakeFiles/cmTryCompileExec3788985193.dir/build.make CMakeFiles/cmTryCompileExec3788985193.dir/build
make[1]: Entering directory `/home/odroid/ROS/build/CMakeFiles/CMakeTmp'
/usr/bin/cmake -E cmake_progress_report /home/odroid/ROS/build/CMakeFiles/CMakeTmp/CMakeFiles 1
Building C object CMakeFiles/cmTryCompileExec3788985193.dir/CheckSymbolExists.c.o
/usr/bin/cc    -o CMakeFiles/cmTryCompileExec3788985193.dir/CheckSymbolExists.c.o   -c /home/odroid/ROS/build/CMakeFiles/CMakeTmp/CheckSymbolExists.c
Linking C executable cmTryCompileExec3788985193
/usr/bin/cmake -E cmake_link_script CMakeFiles/cmTryCompileExec3788985193.dir/link.txt --verbose=1
/usr/bin/cc       CMakeFiles/cmTryCompileExec3788985193.dir/CheckSymbolExists.c.o  -o cmTryCompileExec3788985193 -rdynamic 
CMakeFiles/cmTryCompileExec3788985193.dir/CheckSymbolExists.c.o: In function `main':
CheckSymbolExists.c:(.text+0xe): undefined reference to `pthread_create'
CheckSymbolExists.c:(.text+0x12): undefined reference to `pthread_create'
collect2: error: ld returned 1 exit status
make[1]: *** [cmTryCompileExec3788985193] Error 1
make[1]: Leaving directory `/home/odroid/ROS/build/CMakeFiles/CMakeTmp'
make: *** [cmTryCompileExec3788985193/fast] Error 2

File /home/odroid/ROS/build/CMakeFiles/CMakeTmp/CheckSymbolExists.c:
/* */
#include <pthread.h>

int main(int argc, char** argv)
{
  (void)argv;
#ifndef pthread_create
  return ((int*)(&pthread_create))[argc];
#else
  (void)argc;
  return 0;
#endif
}

Determining if the function pthread_create exists in the pthreads failed with the following output:
Change Dir: /home/odroid/ROS/build/CMakeFiles/CMakeTmp

Run Build Command:/usr/bin/make "cmTryCompileExec3829065417/fast"
/usr/bin/make -f CMakeFiles/cmTryCompileExec3829065417.dir/build.make CMakeFiles/cmTryCompileExec3829065417.dir/build
make[1]: Entering directory `/home/odroid/ROS/build/CMakeFiles/CMakeTmp'
/usr/bin/cmake -E cmake_progress_report /home/odroid/ROS/build/CMakeFiles/CMakeTmp/CMakeFiles 1
Building C object CMakeFiles/cmTryCompileExec3829065417.dir/CheckFunctionExists.c.o
/usr/bin/cc   -DCHECK_FUNCTION_EXISTS=pthread_create   -o CMakeFiles/cmTryCompileExec3829065417.dir/CheckFunctionExists.c.o   -c /usr/share/cmake-2.8/Modules/CheckFunctionExists.c
Linking C executable cmTryCompileExec3829065417
/usr/bin/cmake -E cmake_link_script CMakeFiles/cmTryCompileExec3829065417.dir/link.txt --verbose=1
/usr/bin/cc   -DCHECK_FUNCTION_EXISTS=pthread_create    CMakeFiles/cmTryCompileExec3829065417.dir/CheckFunctionExists.c.o  -o cmTryCompileExec3829065417 -rdynamic -lpthreads 
/usr/bin/ld.bfd.real: cannot find -lpthreads
collect2: error: ld returned 1 exit status
make[1]: *** [cmTryCompileExec3829065417] Error 1
make[1]: Leaving directory `/home/odroid/ROS/build/CMakeFiles/CMakeTmp'
make: *** [cmTryCompileExec3829065417/fast] Error 2


