Determining if the pthread_create exist failed with the following output:
Change Dir: /home/odroid/Documents/AutonomousFlight/final_ws/build/CMakeFiles/CMakeTmp

Run Build Command:/usr/bin/make "cmTryCompileExec2460618716/fast"
/usr/bin/make -f CMakeFiles/cmTryCompileExec2460618716.dir/build.make CMakeFiles/cmTryCompileExec2460618716.dir/build
make[1]: Entering directory `/home/odroid/Documents/AutonomousFlight/final_ws/build/CMakeFiles/CMakeTmp'
/usr/bin/cmake -E cmake_progress_report /home/odroid/Documents/AutonomousFlight/final_ws/build/CMakeFiles/CMakeTmp/CMakeFiles 1
Building C object CMakeFiles/cmTryCompileExec2460618716.dir/CheckSymbolExists.c.o
/usr/bin/cc    -o CMakeFiles/cmTryCompileExec2460618716.dir/CheckSymbolExists.c.o   -c /home/odroid/Documents/AutonomousFlight/final_ws/build/CMakeFiles/CMakeTmp/CheckSymbolExists.c
Linking C executable cmTryCompileExec2460618716
/usr/bin/cmake -E cmake_link_script CMakeFiles/cmTryCompileExec2460618716.dir/link.txt --verbose=1
/usr/bin/cc       CMakeFiles/cmTryCompileExec2460618716.dir/CheckSymbolExists.c.o  -o cmTryCompileExec2460618716 -rdynamic 
CMakeFiles/cmTryCompileExec2460618716.dir/CheckSymbolExists.c.o: In function `main':
CheckSymbolExists.c:(.text+0xe): undefined reference to `pthread_create'
CheckSymbolExists.c:(.text+0x12): undefined reference to `pthread_create'
collect2: error: ld returned 1 exit status
make[1]: *** [cmTryCompileExec2460618716] Error 1
make[1]: Leaving directory `/home/odroid/Documents/AutonomousFlight/final_ws/build/CMakeFiles/CMakeTmp'
make: *** [cmTryCompileExec2460618716/fast] Error 2

File /home/odroid/Documents/AutonomousFlight/final_ws/build/CMakeFiles/CMakeTmp/CheckSymbolExists.c:
/* */
#include <pthread.h>

int main(int argc, char** argv)
{
  (void)argv;
#ifndef pthread_create
  return ((int*)(&pthread_create))[argc];
#else
  (void)argc;
  return 0;
#endif
}

Determining if the function pthread_create exists in the pthreads failed with the following output:
Change Dir: /home/odroid/Documents/AutonomousFlight/final_ws/build/CMakeFiles/CMakeTmp

Run Build Command:/usr/bin/make "cmTryCompileExec693575516/fast"
/usr/bin/make -f CMakeFiles/cmTryCompileExec693575516.dir/build.make CMakeFiles/cmTryCompileExec693575516.dir/build
make[1]: Entering directory `/home/odroid/Documents/AutonomousFlight/final_ws/build/CMakeFiles/CMakeTmp'
/usr/bin/cmake -E cmake_progress_report /home/odroid/Documents/AutonomousFlight/final_ws/build/CMakeFiles/CMakeTmp/CMakeFiles 1
Building C object CMakeFiles/cmTryCompileExec693575516.dir/CheckFunctionExists.c.o
/usr/bin/cc   -DCHECK_FUNCTION_EXISTS=pthread_create   -o CMakeFiles/cmTryCompileExec693575516.dir/CheckFunctionExists.c.o   -c /usr/share/cmake-2.8/Modules/CheckFunctionExists.c
Linking C executable cmTryCompileExec693575516
/usr/bin/cmake -E cmake_link_script CMakeFiles/cmTryCompileExec693575516.dir/link.txt --verbose=1
/usr/bin/cc   -DCHECK_FUNCTION_EXISTS=pthread_create    CMakeFiles/cmTryCompileExec693575516.dir/CheckFunctionExists.c.o  -o cmTryCompileExec693575516 -rdynamic -lpthreads 
/usr/bin/ld.bfd.real: cannot find -lpthreads
collect2: error: ld returned 1 exit status
make[1]: *** [cmTryCompileExec693575516] Error 1
make[1]: Leaving directory `/home/odroid/Documents/AutonomousFlight/final_ws/build/CMakeFiles/CMakeTmp'
make: *** [cmTryCompileExec693575516/fast] Error 2


