Determining if the pthread_create exist failed with the following output:
Change Dir: /home/odroid/Documents/AutonomousFlight/px4_nav_ws/build/CMakeFiles/CMakeTmp

Run Build Command:/usr/bin/make "cmTryCompileExec913415466/fast"
/usr/bin/make -f CMakeFiles/cmTryCompileExec913415466.dir/build.make CMakeFiles/cmTryCompileExec913415466.dir/build
make[1]: Entering directory `/home/odroid/Documents/AutonomousFlight/px4_nav_ws/build/CMakeFiles/CMakeTmp'
/usr/bin/cmake -E cmake_progress_report /home/odroid/Documents/AutonomousFlight/px4_nav_ws/build/CMakeFiles/CMakeTmp/CMakeFiles 1
Building C object CMakeFiles/cmTryCompileExec913415466.dir/CheckSymbolExists.c.o
/usr/bin/cc    -o CMakeFiles/cmTryCompileExec913415466.dir/CheckSymbolExists.c.o   -c /home/odroid/Documents/AutonomousFlight/px4_nav_ws/build/CMakeFiles/CMakeTmp/CheckSymbolExists.c
Linking C executable cmTryCompileExec913415466
/usr/bin/cmake -E cmake_link_script CMakeFiles/cmTryCompileExec913415466.dir/link.txt --verbose=1
/usr/bin/cc       CMakeFiles/cmTryCompileExec913415466.dir/CheckSymbolExists.c.o  -o cmTryCompileExec913415466 -rdynamic 
CMakeFiles/cmTryCompileExec913415466.dir/CheckSymbolExists.c.o: In function `main':
CheckSymbolExists.c:(.text+0xe): undefined reference to `pthread_create'
CheckSymbolExists.c:(.text+0x12): undefined reference to `pthread_create'
collect2: error: ld returned 1 exit status
make[1]: *** [cmTryCompileExec913415466] Error 1
make[1]: Leaving directory `/home/odroid/Documents/AutonomousFlight/px4_nav_ws/build/CMakeFiles/CMakeTmp'
make: *** [cmTryCompileExec913415466/fast] Error 2

File /home/odroid/Documents/AutonomousFlight/px4_nav_ws/build/CMakeFiles/CMakeTmp/CheckSymbolExists.c:
/* */
#include <pthread.h>

int main(int argc, char** argv)
{
  (void)argv;
#ifndef pthread_create
  return ((int*)(&pthread_create))[argc];
#else
  (void)argc;
  return 0;
#endif
}

Determining if the function pthread_create exists in the pthreads failed with the following output:
Change Dir: /home/odroid/Documents/AutonomousFlight/px4_nav_ws/build/CMakeFiles/CMakeTmp

Run Build Command:/usr/bin/make "cmTryCompileExec1682998300/fast"
/usr/bin/make -f CMakeFiles/cmTryCompileExec1682998300.dir/build.make CMakeFiles/cmTryCompileExec1682998300.dir/build
make[1]: Entering directory `/home/odroid/Documents/AutonomousFlight/px4_nav_ws/build/CMakeFiles/CMakeTmp'
/usr/bin/cmake -E cmake_progress_report /home/odroid/Documents/AutonomousFlight/px4_nav_ws/build/CMakeFiles/CMakeTmp/CMakeFiles 1
Building C object CMakeFiles/cmTryCompileExec1682998300.dir/CheckFunctionExists.c.o
/usr/bin/cc   -DCHECK_FUNCTION_EXISTS=pthread_create   -o CMakeFiles/cmTryCompileExec1682998300.dir/CheckFunctionExists.c.o   -c /usr/share/cmake-2.8/Modules/CheckFunctionExists.c
Linking C executable cmTryCompileExec1682998300
/usr/bin/cmake -E cmake_link_script CMakeFiles/cmTryCompileExec1682998300.dir/link.txt --verbose=1
/usr/bin/cc   -DCHECK_FUNCTION_EXISTS=pthread_create    CMakeFiles/cmTryCompileExec1682998300.dir/CheckFunctionExists.c.o  -o cmTryCompileExec1682998300 -rdynamic -lpthreads 
/usr/bin/ld.bfd.real: cannot find -lpthreads
collect2: error: ld returned 1 exit status
make[1]: *** [cmTryCompileExec1682998300] Error 1
make[1]: Leaving directory `/home/odroid/Documents/AutonomousFlight/px4_nav_ws/build/CMakeFiles/CMakeTmp'
make: *** [cmTryCompileExec1682998300/fast] Error 2


